<?xml version="1.0" encoding="UTF-8"?>
<!-- Generated by org.testng.reporters.JUnitReportReporter -->
<testsuite hostname="LAPTOP-HCJ7CJO6" failures="0" tests="3" name="com.vyasa.practice.automation.CrossBrowserTesting" time="9.438" errors="0" timestamp="2022-10-11T01:23:06 IST" skipped="0">
  <testcase classname="com.vyasa.practice.automation.CrossBrowserTesting" name="VerifyUserlogin" time="4.450"/>
  <system-out/>
  <testcase classname="com.vyasa.practice.automation.CrossBrowserTesting" name="VerifyUserlogin" time="2.492"/>
  <system-out/>
  <testcase classname="com.vyasa.practice.automation.CrossBrowserTesting" name="VerifyUserlogin" time="2.496"/>
  <system-out/>
</testsuite> <!-- com.vyasa.practice.automation.CrossBrowserTesting -->
