<?xml version="1.0" encoding="UTF-8"?>
<!-- Generated by org.testng.reporters.JUnitReportReporter -->
<testsuite hostname="LAPTOP-HCJ7CJO6" failures="0" tests="1" name="com.vyasa.testng.basics.TestNGAnnotations" time="0.011" errors="0" timestamp="2022-10-11T16:04:50 IST" skipped="0">
  <testcase classname="com.vyasa.testng.basics.TestNGAnnotations" name="TestMethod" time="0.011"/>
  <system-out/>
</testsuite> <!-- com.vyasa.testng.basics.TestNGAnnotations -->
