<?xml version="1.0" encoding="UTF-8"?>
<!-- Generated by org.testng.reporters.JUnitReportReporter -->
<testsuite hostname="LAPTOP-HCJ7CJO6" failures="0" tests="3" name="com.vyasa.testng.basics.TestNGSample" time="7.847" errors="0" timestamp="2022-10-11T16:04:50 IST" skipped="0">
  <testcase classname="com.vyasa.testng.basics.TestNGSample" name="VerifyCartDisplayed" time="0.223"/>
  <system-out/>
  <testcase classname="com.vyasa.testng.basics.TestNGSample" name="OpenBrowser" time="7.612"/>
  <system-out/>
  <testcase classname="com.vyasa.testng.basics.TestNGSample" name="VerifyHomePageLoaded" time="0.012"/>
  <system-out/>
</testsuite> <!-- com.vyasa.testng.basics.TestNGSample -->
