<?xml version="1.0" encoding="UTF-8"?>
<!-- Generated by org.testng.reporters.JUnitReportReporter -->
<testsuite hostname="LAPTOP-HCJ7CJO6" failures="0" tests="4" name="com.vyasa.testng.basics.DataProviderDemo" time="31.119" errors="0" timestamp="2022-10-11T19:01:50 IST" skipped="0">
  <testcase classname="com.vyasa.testng.basics.DataProviderDemo" name="VerifyUserLogin" time="2.771"/>
  <system-out/>
  <testcase classname="com.vyasa.testng.basics.DataProviderDemo" name="VerifyUserLogin" time="1.686"/>
  <system-out/>
  <testcase classname="com.vyasa.testng.basics.DataProviderDemo" name="VerifyUserLogin" time="2.889"/>
  <system-out/>
  <testcase classname="com.vyasa.testng.basics.DataProviderDemo" name="VerifyUserLogin" time="23.773"/>
  <system-out/>
</testsuite> <!-- com.vyasa.testng.basics.DataProviderDemo -->
