<?xml version="1.0" encoding="UTF-8"?>
<!-- Generated by org.testng.reporters.JUnitReportReporter -->
<testsuite hostname="LAPTOP-HCJ7CJO6" failures="0" tests="5" name="com.vyasa.practice.automation.HomePageAutomation" time="8.577" errors="0" timestamp="2022-10-11T16:04:50 IST" skipped="0">
  <testcase classname="com.vyasa.practice.automation.HomePageAutomation" name="VerifyHomePageIsLoaded" time="0.058"/>
  <system-out/>
  <testcase classname="com.vyasa.practice.automation.HomePageAutomation" name="VerifyNewArrivalsDisplayed" time="0.564"/>
  <system-out/>
  <testcase classname="com.vyasa.practice.automation.HomePageAutomation" name="VerifyHomePaegeWith3Sliders" time="0.028"/>
  <system-out/>
  <testcase classname="com.vyasa.practice.automation.HomePageAutomation" name="VerifyHomePaegeWith3Arrivals" time="0.030"/>
  <system-out/>
  <testcase classname="com.vyasa.practice.automation.HomePageAutomation" name="VerifyHomePaegeWithArrivalsNavigate" time="7.897"/>
  <system-out/>
</testsuite> <!-- com.vyasa.practice.automation.HomePageAutomation -->
